<?xml version="1.0" encoding="UTF-8"?>
<!-- Generated by org.testng.reporters.JUnitReportReporter -->
<testsuite skipped="0" hostname="DESKTOP-GFKCEU1" name="tests.LocaleTests" tests="4" failures="0" timestamp="2022-10-13T19:59:42 CEST" time="3.203" errors="0">
  <testcase name="setLocaleToES" time="0.700" classname="tests.LocaleTests"/>
  <system-out/>
  <testcase name="setLocaleToEN" time="0.509" classname="tests.LocaleTests"/>
  <system-out/>
  <testcase name="setLocaleToCN" time="1.501" classname="tests.LocaleTests"/>
  <system-out/>
  <testcase name="setLocaleToFR" time="0.493" classname="tests.LocaleTests"/>
  <system-out/>
</testsuite> <!-- tests.LocaleTests -->
