<?xml version="1.0" encoding="UTF-8"?>
<!-- Generated by org.testng.reporters.JUnitReportReporter -->
<testsuite skipped="0" hostname="DESKTOP-GFKCEU1" name="tests.LoginTests" tests="6" failures="0" timestamp="2022-10-13T19:56:51 CEST" time="6.527" errors="0">
  <testcase name="visitsTheLoginPage" time="0.773" classname="tests.LoginTests"/>
  <system-out/>
  <testcase name="checkInputTypes" time="0.441" classname="tests.LoginTests"/>
  <system-out/>
  <testcase name="displayErrorWhenUserDoesNotExists" time="1.261" classname="tests.LoginTests"/>
  <system-out/>
  <testcase name="displayErrorWhenPasswordIsWrong" time="1.197" classname="tests.LoginTests"/>
  <system-out/>
  <testcase name="login" time="2.567" classname="tests.LoginTests"/>
  <system-out/>
  <testcase name="logout" time="0.288" classname="tests.LoginTests"/>
  <system-out/>
</testsuite> <!-- tests.LoginTests -->
