<?xml version="1.0" encoding="UTF-8"?>
<!-- Generated by org.testng.reporters.JUnitReportReporter -->
<testsuite skipped="0" hostname="DESKTOP-GFKCEU1" name="tests.AuthRoutesTests" tests="4" failures="0" timestamp="2022-10-13T20:00:27 CEST" time="3.642" errors="0">
  <testcase name="forbidVisitsToHomeUrlIfNotAuthenticated" time="0.691" classname="tests.AuthRoutesTests"/>
  <system-out/>
  <testcase name="forbidVisitsToProfileUrlIfNotAuthenticated" time="0.749" classname="tests.AuthRoutesTests"/>
  <system-out/>
  <testcase name="forbidVisitsToAdminCitiesUrlIfNotAuthenticated" time="1.478" classname="tests.AuthRoutesTests"/>
  <system-out/>
  <testcase name="forbidVisitsToAdminUsersUrlIfNotAuthenticated" time="0.724" classname="tests.AuthRoutesTests"/>
  <system-out/>
</testsuite> <!-- tests.AuthRoutesTests -->
